{
  "RSpec": {
    "coverage": {
      "/Users/marshall/turing/3module/projects/rales-engine/config/environment.rb": [
        null,
        1,
        null,
        null,
        1
      ],
      "/Users/marshall/turing/3module/projects/rales-engine/config/application.rb": [
        1,
        null,
        1,
        null,
        1,
        1,
        1,
        1,
        1,
        1,
        1,
        null,
        null,
        null,
        null,
        null,
        1,
        null,
        1,
        1,
        null,
        1,
        null,
        null,
        null,
        null,
        null,
        null,
        null,
        null,
        1,
        null,
        null
      ],
      "/Users/marshall/turing/3module/projects/rales-engine/config/boot.rb": [
        1,
        null,
        1
      ],
      "/Users/marshall/turing/3module/projects/rales-engine/config/environments/test.rb": [
        1,
        null,
        null,
        null,
        null,
        null,
        null,
        1,
        null,
        null,
        null,
        null,
        1,
        null,
        null,
        1,
        1,
        null,
        null,
        null,
        null,
        1,
        1,
        null,
        null,
        1,
        null,
        null,
        1,
        1,
        null,
        null,
        null,
        null,
        1,
        null,
        null,
        1,
        null,
        null,
        null,
        null
      ],
      "/Users/marshall/turing/3module/projects/rales-engine/config/initializers/application_controller_renderer.rb": [
        null,
        null,
        null,
        null,
        null,
        null,
        null,
        null
      ],
      "/Users/marshall/turing/3module/projects/rales-engine/config/initializers/backtrace_silencers.rb": [
        null,
        null,
        null,
        null,
        null,
        null,
        null
      ],
      "/Users/marshall/turing/3module/projects/rales-engine/config/initializers/cors.rb": [
        null,
        null,
        null,
        null,
        null,
        null,
        null,
        null,
        null,
        null,
        null,
        null,
        null,
        null,
        null,
        null
      ],
      "/Users/marshall/turing/3module/projects/rales-engine/config/initializers/filter_parameter_logging.rb": [
        null,
        null,
        null,
        1
      ],
      "/Users/marshall/turing/3module/projects/rales-engine/config/initializers/inflections.rb": [
        null,
        null,
        null,
        null,
        null,
        null,
        null,
        null,
        null,
        null,
        null,
        null,
        null,
        null,
        null,
        null
      ],
      "/Users/marshall/turing/3module/projects/rales-engine/config/initializers/mime_types.rb": [
        null,
        null,
        null,
        null
      ],
      "/Users/marshall/turing/3module/projects/rales-engine/config/initializers/wrap_parameters.rb": [
        null,
        null,
        null,
        null,
        null,
        null,
        1,
        2,
        null,
        null,
        null,
        null,
        null,
        null
      ],
      "/Users/marshall/turing/3module/projects/rales-engine/spec/factories/customers.rb": [
        1,
        1,
        64,
        64,
        null,
        null
      ],
      "/Users/marshall/turing/3module/projects/rales-engine/spec/factories/invoice_items.rb": [
        1,
        1,
        1,
        1,
        1,
        1,
        null,
        null
      ],
      "/Users/marshall/turing/3module/projects/rales-engine/spec/factories/invoices.rb": [
        1,
        1,
        1,
        1,
        1,
        null,
        null
      ],
      "/Users/marshall/turing/3module/projects/rales-engine/spec/factories/items.rb": [
        1,
        1,
        1,
        1,
        1,
        1,
        null,
        null
      ],
      "/Users/marshall/turing/3module/projects/rales-engine/spec/factories/merchants.rb": [
        1,
        1,
        123,
        null,
        null
      ],
      "/Users/marshall/turing/3module/projects/rales-engine/spec/factories/transactions.rb": [
        1,
        1,
        1,
        1,
        1,
        null,
        null
      ],
      "/Users/marshall/turing/3module/projects/rales-engine/config/routes.rb": [
        1,
        null,
        1,
        1,
        1,
        1,
        1,
        1,
        null,
        null,
        1,
        1,
        1,
        1,
        null,
        null,
        1,
        1,
        1,
        1,
        null,
        null,
        1,
        1,
        1,
        1,
        1,
        null,
        null,
        1,
        1,
        1,
        1,
        1,
        null,
        1,
        1,
        null,
        null,
        null,
        null
      ],
      "/Users/marshall/turing/3module/projects/rales-engine/spec/support/factory_bot.rb": [
        1,
        1,
        null
      ],
      "/Users/marshall/turing/3module/projects/rales-engine/app/models/customer.rb": [
        1,
        1,
        null
      ],
      "/Users/marshall/turing/3module/projects/rales-engine/app/models/application_record.rb": [
        1,
        1,
        null
      ],
      "/Users/marshall/turing/3module/projects/rales-engine/spec/models/invoice_item_spec.rb": [
        1,
        null,
        1,
        2,
        2,
        null
      ],
      "/Users/marshall/turing/3module/projects/rales-engine/app/models/invoice_item.rb": [
        1,
        null,
        1,
        1,
        null,
        1,
        null,
        1,
        null,
        1,
        34,
        null,
        null,
        null
      ],
      "/Users/marshall/turing/3module/projects/rales-engine/spec/models/invoice_spec.rb": [
        1,
        null,
        1,
        2,
        2,
        2,
        2,
        2,
        null
      ],
      "/Users/marshall/turing/3module/projects/rales-engine/app/models/invoice.rb": [
        1,
        null,
        1,
        1,
        1,
        1,
        1,
        null,
        null
      ],
      "/Users/marshall/turing/3module/projects/rales-engine/spec/models/item_spec.rb": [
        1,
        null,
        1,
        2,
        2,
        2,
        null
      ],
      "/Users/marshall/turing/3module/projects/rales-engine/app/models/item.rb": [
        1,
        1,
        1,
        1,
        null
      ],
      "/Users/marshall/turing/3module/projects/rales-engine/spec/models/merchant_spec.rb": [
        1,
        null,
        1,
        2,
        2,
        null
      ],
      "/Users/marshall/turing/3module/projects/rales-engine/app/models/merchant.rb": [
        1,
        null,
        1,
        1,
        null,
        null,
        1,
        null,
        null,
        null,
        null,
        null,
        3,
        null,
        null,
        1,
        null,
        null,
        null,
        1,
        null,
        null,
        null
      ],
      "/Users/marshall/turing/3module/projects/rales-engine/spec/models/merchants/merchant_favorite_customer_spec.rb": [
        1,
        null,
        1,
        1,
        1,
        1,
        1,
        1,
        1,
        1,
        1,
        null,
        1,
        null,
        1,
        null,
        null
      ],
      "/Users/marshall/turing/3module/projects/rales-engine/spec/models/transaction_spec.rb": [
        1,
        null,
        1,
        2,
        null
      ],
      "/Users/marshall/turing/3module/projects/rales-engine/app/models/transaction.rb": [
        1,
        null,
        1,
        null,
        5,
        1,
        null,
        null
      ],
      "/Users/marshall/turing/3module/projects/rales-engine/spec/requests/api/v1/customers/customers_api_spec.rb": [
        1,
        null,
        1,
        1,
        1,
        null,
        1,
        null,
        1,
        null,
        1,
        1,
        null,
        null,
        1,
        1,
        null,
        1,
        null,
        1,
        null,
        1,
        1,
        1,
        1,
        null,
        null
      ],
      "/Users/marshall/turing/3module/projects/rales-engine/spec/requests/api/v1/invoice_items/basic_enpoints_spec.rb": [
        1,
        null,
        1,
        1,
        1,
        1,
        null,
        1,
        1,
        null,
        1,
        1,
        1,
        null,
        null,
        1,
        1,
        null,
        1,
        1,
        null,
        1,
        1,
        null,
        null,
        1,
        1,
        1,
        null,
        1,
        1,
        null,
        1,
        1,
        null,
        null,
        1,
        1,
        1,
        null,
        1,
        1,
        null,
        1,
        1,
        1,
        null,
        null,
        1,
        1,
        1,
        null,
        1,
        1,
        null,
        1,
        1,
        null,
        null,
        1,
        1,
        null,
        1,
        1,
        null,
        1,
        null,
        null,
        null
      ],
      "/Users/marshall/turing/3module/projects/rales-engine/spec/requests/api/v1/invoices/invoices_api_spec.rb": [
        1,
        null,
        1,
        1,
        1,
        1,
        null,
        1,
        1,
        null,
        1,
        1,
        1,
        null,
        null,
        1,
        1,
        null,
        1,
        1,
        null,
        1,
        1,
        null,
        null,
        1,
        1,
        1,
        null,
        1,
        1,
        null,
        1,
        1,
        null,
        null,
        1,
        1,
        1,
        null,
        1,
        1,
        null,
        1,
        1,
        1,
        null,
        null,
        1,
        1,
        null,
        1,
        1,
        null,
        1,
        null,
        null,
        null
      ],
      "/Users/marshall/turing/3module/projects/rales-engine/spec/requests/api/v1/items/items_api_spec.rb": [
        1,
        null,
        1,
        1,
        1,
        1,
        null,
        1,
        1,
        null,
        1,
        1,
        1,
        null,
        null,
        1,
        1,
        null,
        1,
        1,
        null,
        1,
        1,
        null,
        null,
        1,
        1,
        1,
        null,
        1,
        1,
        null,
        1,
        1,
        null,
        null,
        1,
        1,
        1,
        null,
        1,
        1,
        null,
        1,
        1,
        1,
        null,
        null,
        1,
        1,
        null,
        1,
        1,
        null,
        1,
        null,
        null,
        null
      ],
      "/Users/marshall/turing/3module/projects/rales-engine/spec/requests/api/v1/merchants/merchant_favorite_customer_spec.rb": [
        1,
        null,
        1,
        1,
        1,
        1,
        1,
        1,
        1,
        1,
        1,
        null,
        1,
        1,
        1,
        null,
        1,
        1,
        1,
        null,
        null,
        null
      ],
      "/Users/marshall/turing/3module/projects/rales-engine/spec/requests/api/v1/merchants/merchant_revenue_api_spec.rb": [
        1,
        null,
        1,
        1,
        1,
        null,
        1,
        1,
        1,
        1,
        1,
        1,
        1,
        1,
        1,
        1,
        1,
        1,
        1,
        1,
        1,
        null,
        1,
        null,
        1,
        null,
        1,
        1,
        1,
        null,
        null,
        null
      ],
      "/Users/marshall/turing/3module/projects/rales-engine/spec/requests/api/v1/merchants/merchants_api_spec.rb": [
        1,
        null,
        1,
        1,
        1,
        null,
        1,
        null,
        1,
        null,
        1,
        1,
        null,
        null,
        1,
        1,
        null,
        1,
        null,
        1,
        1,
        1,
        1,
        1,
        null,
        null,
        1,
        1,
        1,
        1,
        null,
        1,
        null,
        1,
        null,
        1,
        1,
        1,
        1,
        1,
        null,
        null,
        1,
        1,
        null,
        1,
        null,
        1,
        null,
        1,
        1,
        1,
        1,
        1,
        null,
        null,
        1,
        1,
        null,
        1,
        null,
        1,
        null,
        1,
        1,
        1,
        1,
        1,
        null,
        null,
        1,
        null,
        null,
        null,
        1,
        null,
        null,
        null,
        null,
        1,
        1,
        1,
        null,
        1,
        null,
        1,
        null,
        1,
        1,
        1,
        null,
        null,
        1,
        1,
        null,
        1,
        null,
        1,
        null,
        1,
        1,
        1,
        null,
        null,
        1,
        null,
        null,
        1,
        null,
        null,
        null,
        1,
        1,
        1,
        4,
        null,
        1,
        null,
        1,
        null,
        1,
        1,
        null,
        null,
        null
      ],
      "/Users/marshall/turing/3module/projects/rales-engine/spec/requests/api/v1/transactions/transactions_api_spec.rb": [
        1,
        null,
        1,
        1,
        1,
        null,
        1,
        null,
        1,
        null,
        1,
        1,
        1,
        null,
        null,
        1,
        1,
        null,
        1,
        null,
        1,
        null,
        1,
        1,
        1,
        1,
        1,
        null,
        null
      ],
      "/Users/marshall/turing/3module/projects/rales-engine/spec/requests/invoice_items/basic_enpoints_spec.rb": [
        1,
        null,
        1,
        1,
        1,
        1,
        null,
        1,
        1,
        null,
        1,
        1,
        1,
        null,
        null,
        1,
        1,
        null,
        1,
        1,
        null,
        1,
        1,
        null,
        null,
        1,
        1,
        1,
        null,
        1,
        1,
        null,
        1,
        1,
        null,
        null,
        1,
        1,
        1,
        null,
        1,
        1,
        null,
        1,
        1,
        1,
        null,
        null,
        1,
        1,
        1,
        null,
        1,
        1,
        null,
        1,
        1,
        null,
        null,
        1,
        1,
        null,
        1,
        1,
        null,
        1,
        null,
        null,
        null
      ],
      "/Users/marshall/turing/3module/projects/rales-engine/app/controllers/api/v1/customers_controller.rb": [
        1,
        null,
        1,
        1,
        null,
        null,
        1,
        1,
        null,
        null
      ],
      "/Users/marshall/turing/3module/projects/rales-engine/app/controllers/application_controller.rb": [
        1,
        null
      ],
      "/Users/marshall/turing/3module/projects/rales-engine/app/controllers/api/v1/invoice_items_controller.rb": [
        1,
        null,
        1,
        2,
        null,
        null,
        1,
        2,
        null,
        null,
        null
      ],
      "/Users/marshall/turing/3module/projects/rales-engine/app/controllers/api/v1/invoice_items/find_controller.rb": [
        1,
        null,
        1,
        null,
        1,
        4,
        null,
        null,
        1,
        2,
        null,
        null,
        1,
        null,
        1,
        6,
        null,
        null,
        1,
        6,
        6,
        null,
        null,
        null
      ],
      "/Users/marshall/turing/3module/projects/rales-engine/app/controllers/api/v1/invoice_items/random_controller.rb": [
        1,
        null,
        1,
        2,
        null,
        null,
        null,
        null
      ],
      "/Users/marshall/turing/3module/projects/rales-engine/app/controllers/api/v1/invoices_controller.rb": [
        1,
        null,
        1,
        1,
        null,
        null,
        1,
        1,
        null,
        null,
        null
      ],
      "/Users/marshall/turing/3module/projects/rales-engine/app/controllers/api/v1/invoices/find_controller.rb": [
        1,
        null,
        1,
        1,
        null,
        null,
        1,
        1,
        null,
        null,
        1,
        null,
        1,
        2,
        null,
        null,
        null
      ],
      "/Users/marshall/turing/3module/projects/rales-engine/app/controllers/api/v1/invoices/random_controller.rb": [
        1,
        null,
        1,
        1,
        null,
        null,
        null
      ],
      "/Users/marshall/turing/3module/projects/rales-engine/app/controllers/api/v1/items_controller.rb": [
        1,
        null,
        1,
        1,
        null,
        null,
        1,
        1,
        null,
        null,
        null
      ],
      "/Users/marshall/turing/3module/projects/rales-engine/app/controllers/api/v1/items/find_controller.rb": [
        1,
        null,
        1,
        1,
        null,
        null,
        1,
        1,
        null,
        null,
        1,
        null,
        1,
        2,
        null,
        null,
        null
      ],
      "/Users/marshall/turing/3module/projects/rales-engine/app/controllers/api/v1/items/random_controller.rb": [
        1,
        null,
        1,
        1,
        null,
        null,
        null
      ],
      "/Users/marshall/turing/3module/projects/rales-engine/app/controllers/api/v1/merchants/favorite_controller.rb": [
        1,
        null,
        1,
        1,
        1,
        null,
        null,
        null
      ],
      "/Users/marshall/turing/3module/projects/rales-engine/app/controllers/api/v1/revenue_controller.rb": [
        1,
        null,
        1,
        1,
        1,
        null,
        null,
        null
      ],
      "/Users/marshall/turing/3module/projects/rales-engine/app/controllers/api/v1/merchants_controller.rb": [
        1,
        null,
        1,
        1,
        null,
        null,
        1,
        1,
        null,
        null,
        null
      ],
      "/Users/marshall/turing/3module/projects/rales-engine/app/serializers/merchant_serializer.rb": [
        1,
        1,
        null
      ],
      "/Users/marshall/turing/3module/projects/rales-engine/app/controllers/api/v1/merchants/find_controller.rb": [
        1,
        null,
        1,
        2,
        null,
        null,
        1,
        3,
        null,
        null,
        1,
        null,
        1,
        5,
        null,
        null
      ],
      "/Users/marshall/turing/3module/projects/rales-engine/app/controllers/api/v1/merchants/random_controller.rb": [
        1,
        null,
        1,
        1,
        null,
        null,
        null
      ],
      "/Users/marshall/turing/3module/projects/rales-engine/app/controllers/api/v1/transactions_controller.rb": [
        1,
        null,
        1,
        1,
        null,
        null,
        1,
        1,
        null,
        null
      ]
    },
    "timestamp": 1511998718
  }
}
